

***********************************************************************
Fatal NI connect error 12170.

  VERSION INFORMATION:
	TNS for Solaris: Version 10.1.0.3.0 - Production
	TCP/IP NT Protocol Adapter for Solaris: Version 10.1.0.3.0 - Production
  Time: 05-FEB-2018 08:00:29
  Tracing not turned on.
  Tns error struct:
    ns main err code: 12535
    TNS-12535: Message 12535 not found; No message file for product=network, facility=TNS
    ns secondary err code: 12560
    nt main err code: 505
    TNS-00505: Message 505 not found; No message file for product=network, facility=TNS
    nt secondary err code: 145
    nt OS err code: 0
  Client address: <unknown>


***********************************************************************
Fatal NI connect error 12170.

  VERSION INFORMATION:
	TNS for Solaris: Version 10.1.0.3.0 - Production
	TCP/IP NT Protocol Adapter for Solaris: Version 10.1.0.3.0 - Production
  Time: 06-MAR-2019 17:00:16
  Tracing not turned on.
  Tns error struct:
    ns main err code: 12535
    TNS-12535: Message 12535 not found; No message file for product=network, facility=TNS
    ns secondary err code: 12560
    nt main err code: 505
    TNS-00505: Message 505 not found; No message file for product=network, facility=TNS


***********************************************************************
Fatal NI connect error 12170.

  VERSION INFORMATION:
	TNS for Solaris: Version 10.1.0.3.0 - Production
	TCP/IP NT Protocol Adapter for Solaris: Version 10.1.0.3.0 - Production
  Time: 06-MAR-2019 17:03:28
  Tracing not turned on.
  Tns error struct:
    ns main err code: 12535
    TNS-12535: Message 12535 not found; No message file for product=network, facility=TNS
    ns secondary err code: 12560
    nt main err code: 505
    TNS-00505: Message 505 not found; No message file for product=network, facility=TNS
    nt secondary err code: 145
    nt OS err code: 0
  Client address: <unknown>


***********************************************************************
Fatal NI connect error 12170.

  VERSION INFORMATION:
	TNS for Solaris: Version 10.1.0.3.0 - Production
	TCP/IP NT Protocol Adapter for Solaris: Version 10.1.0.3.0 - Production
  Time: 06-MAR-2019 17:06:43
  Tracing not turned on.
  Tns error struct:
    ns main err code: 12535
    TNS-12535: Message 12535 not found; No message file for product=network, facility=TNS
    ns secondary err code: 12560
    nt main err code: 505
    TNS-00505: Message 505 not found; No message file for product=network, facility=TNS
    nt secondary err code: 145
    nt OS err code: 0
  Client address: <unknown>
